2022-01-20 14:05:51 [127.0.0.1][-][d4s345tagbvtfk8vnr9c28eg2dakcdk8][error][yii\db\Exception] PDOException: SQLSTATE[HY000] [1049] Unknown database 'yii2basic' in C:\OpenServer\domains\taskforce-yii\vendor\yiisoft\yii2\db\Connection.php:721
Stack trace:
#0 C:\OpenServer\domains\taskforce-yii\vendor\yiisoft\yii2\db\Connection.php(721): PDO->__construct()
#1 C:\OpenServer\domains\taskforce-yii\vendor\yiisoft\yii2\db\Connection.php(636): yii\db\Connection->createPdoInstance()
#2 C:\OpenServer\domains\taskforce-yii\views\site\index.php(6): yii\db\Connection->open()
#3 C:\OpenServer\domains\taskforce-yii\vendor\yiisoft\yii2\base\View.php(347): require('C:\\OpenServer\\d...')
#4 C:\OpenServer\domains\taskforce-yii\vendor\yiisoft\yii2\base\View.php(257): yii\base\View->renderPhpFile()
#5 C:\OpenServer\domains\taskforce-yii\vendor\yiisoft\yii2\base\View.php(156): yii\base\View->renderFile()
#6 C:\OpenServer\domains\taskforce-yii\vendor\yiisoft\yii2\base\Controller.php(407): yii\base\View->render()
#7 C:\OpenServer\domains\taskforce-yii\controllers\SiteController.php(64): yii\base\Controller->render()
#8 [internal function]: app\controllers\SiteController->actionIndex()
#9 C:\OpenServer\domains\taskforce-yii\vendor\yiisoft\yii2\base\InlineAction.php(57): call_user_func_array()
#10 C:\OpenServer\domains\taskforce-yii\vendor\yiisoft\yii2\base\Controller.php(178): yii\base\InlineAction->runWithParams()
#11 C:\OpenServer\domains\taskforce-yii\vendor\yiisoft\yii2\base\Module.php(552): yii\base\Controller->runAction()
#12 C:\OpenServer\domains\taskforce-yii\vendor\yiisoft\yii2\web\Application.php(103): yii\base\Module->runAction()
#13 C:\OpenServer\domains\taskforce-yii\vendor\yiisoft\yii2\base\Application.php(384): yii\web\Application->handleRequest()
#14 C:\OpenServer\domains\taskforce-yii\web\index.php(12): yii\base\Application->run()
#15 {main}

Next yii\db\Exception: SQLSTATE[HY000] [1049] Unknown database 'yii2basic' in C:\OpenServer\domains\taskforce-yii\vendor\yiisoft\yii2\db\Connection.php:647
Stack trace:
#0 C:\OpenServer\domains\taskforce-yii\views\site\index.php(6): yii\db\Connection->open()
#1 C:\OpenServer\domains\taskforce-yii\vendor\yiisoft\yii2\base\View.php(347): require('C:\\OpenServer\\d...')
#2 C:\OpenServer\domains\taskforce-yii\vendor\yiisoft\yii2\base\View.php(257): yii\base\View->renderPhpFile()
#3 C:\OpenServer\domains\taskforce-yii\vendor\yiisoft\yii2\base\View.php(156): yii\base\View->renderFile()
#4 C:\OpenServer\domains\taskforce-yii\vendor\yiisoft\yii2\base\Controller.php(407): yii\base\View->render()
#5 C:\OpenServer\domains\taskforce-yii\controllers\SiteController.php(64): yii\base\Controller->render()
#6 [internal function]: app\controllers\SiteController->actionIndex()
#7 C:\OpenServer\domains\taskforce-yii\vendor\yiisoft\yii2\base\InlineAction.php(57): call_user_func_array()
#8 C:\OpenServer\domains\taskforce-yii\vendor\yiisoft\yii2\base\Controller.php(178): yii\base\InlineAction->runWithParams()
#9 C:\OpenServer\domains\taskforce-yii\vendor\yiisoft\yii2\base\Module.php(552): yii\base\Controller->runAction()
#10 C:\OpenServer\domains\taskforce-yii\vendor\yiisoft\yii2\web\Application.php(103): yii\base\Module->runAction()
#11 C:\OpenServer\domains\taskforce-yii\vendor\yiisoft\yii2\base\Application.php(384): yii\web\Application->handleRequest()
#12 C:\OpenServer\domains\taskforce-yii\web\index.php(12): yii\base\Application->run()
#13 {main}
Additional Information:
Array
(
    [0] => HY000
    [1] => 1049
    [2] => Unknown database 'yii2basic'
)

2022-01-20 14:05:50 [127.0.0.1][-][d4s345tagbvtfk8vnr9c28eg2dakcdk8][info][application] $_GET = []

$_POST = []

$_FILES = []

$_COOKIE = [
    'PHPSESSID' => 'd4s345tagbvtfk8vnr9c28eg2dakcdk8'
    '_csrf' => '2c80ed66e50852c0eb44a750b9c7cbf50c1ccaca9f7d16f74edb5f37027116aca:2:{i:0;s:5:\"_csrf\";i:1;s:32:\"TKSFdzSsoSemGNouzgY9H6SblZqLqw0m\";}'
]

$_SESSION = [
    '__flash' => []
]

$_SERVER = [
    'HTTP_HOST' => 'taskforce-yii'
    'HTTP_X_FORWARDED_PROTO' => 'http'
    'HTTP_X_REAL_IP' => '127.0.0.1'
    'HTTP_USER_AGENT' => 'Mozilla/5.0 (Windows NT 10.0; Win64; x64; rv:97.0) Gecko/20100101 Firefox/97.0'
    'HTTP_ACCEPT' => 'text/html,application/xhtml+xml,application/xml;q=0.9,image/avif,image/webp,*/*;q=0.8'
    'HTTP_ACCEPT_LANGUAGE' => 'ru-RU,ru;q=0.8,en-US;q=0.5,en;q=0.3'
    'HTTP_ACCEPT_ENCODING' => 'gzip, deflate'
    'HTTP_COOKIE' => 'PHPSESSID=d4s345tagbvtfk8vnr9c28eg2dakcdk8; _csrf=2c80ed66e50852c0eb44a750b9c7cbf50c1ccaca9f7d16f74edb5f37027116aca%3A2%3A%7Bi%3A0%3Bs%3A5%3A%22_csrf%22%3Bi%3A1%3Bs%3A32%3A%22TKSFdzSsoSemGNouzgY9H6SblZqLqw0m%22%3B%7D'
    'HTTP_UPGRADE_INSECURE_REQUESTS' => '1'
    'PATH' => 'c:\\openserver\\modules\\php\\PHP_8.0\\ext;c:\\openserver\\modules\\php\\PHP_8.0\\pear;c:\\openserver\\modules\\php\\PHP_8.0\\pear\\bin;c:\\openserver\\modules\\php\\PHP_8.0;c:\\openserver\\modules\\wget\\bin;c:\\openserver\\modules\\database\\MySQL-8.0-Win10\\bin;c:\\openserver\\modules\\http\\Apache_2.4-PHP_8.0-8.1+Nginx_1.21\\bin;c:\\openserver\\modules\\http\\Apache_2.4-PHP_8.0-8.1+Nginx_1.21;C:\\WINDOWS\\system32;C:\\WINDOWS;C:\\WINDOWS\\system32\\Wbem;C:\\WINDOWS\\SysWOW64'
    'SystemRoot' => 'C:\\WINDOWS'
    'COMSPEC' => 'C:\\WINDOWS\\system32\\cmd.exe'
    'PATHEXT' => '.COM;.EXE;.BAT;.CMD;.VBS;.VBE;.JS;.JSE;.WSF;.WSH;.MSC'
    'WINDIR' => 'C:\\WINDOWS'
    'SERVER_SIGNATURE' => ''
    'SERVER_SOFTWARE' => 'Apache'
    'SERVER_NAME' => 'taskforce-yii'
    'SERVER_ADDR' => '127.0.0.1'
    'SERVER_PORT' => '80'
    'REMOTE_ADDR' => '127.0.0.1'
    'DOCUMENT_ROOT' => 'C:/OpenServer/domains/taskforce-yii/web'
    'REQUEST_SCHEME' => 'http'
    'CONTEXT_PREFIX' => ''
    'CONTEXT_DOCUMENT_ROOT' => 'C:/OpenServer/domains/taskforce-yii/web'
    'SERVER_ADMIN' => '[no address given]'
    'SCRIPT_FILENAME' => 'C:/OpenServer/domains/taskforce-yii/web/index.php'
    'REMOTE_PORT' => '59065'
    'GATEWAY_INTERFACE' => 'CGI/1.1'
    'SERVER_PROTOCOL' => 'HTTP/1.1'
    'REQUEST_METHOD' => 'GET'
    'QUERY_STRING' => ''
    'REQUEST_URI' => '/'
    'SCRIPT_NAME' => '/index.php'
    'PHP_SELF' => '/index.php'
    'REQUEST_TIME_FLOAT' => 1642676750.9514
    'REQUEST_TIME' => 1642676750
]
